<?xml version="1.0" encoding="UTF-8"?>
<testsuite name="obuhov.airline.service.FlightServiceAdditionalTest" tests="6" skipped="0" failures="0" errors="0" timestamp="2026-04-05T15:24:26" hostname="GAGAGA" time="0.092">
  <properties/>
  <testcase name="getAvailableSeats_handlesEmptyStringAndMissingFlight()" classname="obuhov.airline.service.FlightServiceAdditionalTest" time="0.077"/>
  <testcase name="updateFlight_updatesAllFields()" classname="obuhov.airline.service.FlightServiceAdditionalTest" time="0.003"/>
  <testcase name="createFlight_validatesMoreBranches()" classname="obuhov.airline.service.FlightServiceAdditionalTest" time="0.003"/>
  <testcase name="deleteFlight_throwsWhenNotFound()" classname="obuhov.airline.service.FlightServiceAdditionalTest" time="0.002"/>
  <testcase name="repositoryDelegatingMethods_areCovered()" classname="obuhov.airline.service.FlightServiceAdditionalTest" time="0.002"/>
  <testcase name="updateFlight_throwsWhenNotFound()" classname="obuhov.airline.service.FlightServiceAdditionalTest" time="0.002"/>
  <system-out><![CDATA[]]></system-out>
  <system-err><![CDATA[]]></system-err>
</testsuite>
