<?xml version="1.0" encoding="UTF-8"?>
<testsuite name="obuhov.airline.entity.EntityAndUtilityTest" tests="3" skipped="0" failures="0" errors="0" timestamp="2026-04-05T15:24:18" hostname="GAGAGA" time="0.032">
  <properties/>
  <testcase name="flightCustomConstructor_setsFields()" classname="obuhov.airline.entity.EntityAndUtilityTest" time="0.027"/>
  <testcase name="clientCustomConstructor_setsFields()" classname="obuhov.airline.entity.EntityAndUtilityTest" time="0.001"/>
  <testcase name="ticketHelperMethods_coverPaidAndReservedStates()" classname="obuhov.airline.entity.EntityAndUtilityTest" time="0.003"/>
  <system-out><![CDATA[]]></system-out>
  <system-err><![CDATA[]]></system-err>
</testsuite>
