<?xml version="1.0" encoding="UTF-8"?>
<testsuite name="obuhov.airline.repository.AirlineRepositoryTest" tests="1" skipped="0" failures="0" errors="0" timestamp="2026-04-05T15:24:24" hostname="GAGAGA" time="0.659">
  <properties/>
  <testcase name="findByNameContaining_returnsMatches()" classname="obuhov.airline.repository.AirlineRepositoryTest" time="0.659"/>
  <system-out><![CDATA[18:24:18.934 [Test worker] INFO org.springframework.test.context.support.AnnotationConfigContextLoaderUtils -- Could not detect default configuration classes for test class [obuhov.airline.repository.AirlineRepositoryTest]: AirlineRepositoryTest does not declare any static, non-private, non-final, nested classes annotated with @Configuration.
18:24:19.139 [Test worker] INFO org.springframework.boot.test.context.SpringBootTestContextBootstrapper -- Found @SpringBootConfiguration obuhov.airline.AirlineApplication for test class obuhov.airline.repository.AirlineRepositoryTest

  .   ____          _            __ _ _
 /\\ / ___'_ __ _ _(_)_ __  __ _ \ \ \ \
( ( )\___ | '_ | '_| | '_ \/ _` | \ \ \ \
 \\/  ___)| |_)| | | | | || (_| |  ) ) ) )
  '  |____| .__|_| |_|_| |_\__, | / / / /
 =========|_|==============|___/=/_/_/_/
 :: Spring Boot ::                (v3.2.4)

2026-04-05T18:24:19.730+03:00  INFO 6504 --- [    Test worker] o.a.repository.AirlineRepositoryTest     : Starting AirlineRepositoryTest using Java 17.0.12 with PID 6504 (started by obuho in C:\Users\obuho\IdeaProjects\aviatransportations)
2026-04-05T18:24:19.732+03:00  INFO 6504 --- [    Test worker] o.a.repository.AirlineRepositoryTest     : No active profile set, falling back to 1 default profile: "default"
2026-04-05T18:24:20.175+03:00  INFO 6504 --- [    Test worker] .s.d.r.c.RepositoryConfigurationDelegate : Bootstrapping Spring Data JPA repositories in DEFAULT mode.
2026-04-05T18:24:20.258+03:00  INFO 6504 --- [    Test worker] .s.d.r.c.RepositoryConfigurationDelegate : Finished Spring Data repository scanning in 73 ms. Found 7 JPA repository interfaces.
2026-04-05T18:24:20.690+03:00  INFO 6504 --- [    Test worker] o.hibernate.jpa.internal.util.LogHelper  : HHH000204: Processing PersistenceUnitInfo [name: default]
2026-04-05T18:24:20.773+03:00  INFO 6504 --- [    Test worker] org.hibernate.Version                    : HHH000412: Hibernate ORM core version 6.4.4.Final
2026-04-05T18:24:20.816+03:00  INFO 6504 --- [    Test worker] o.h.c.internal.RegionFactoryInitiator    : HHH000026: Second-level cache disabled
2026-04-05T18:24:21.216+03:00  INFO 6504 --- [    Test worker] o.s.o.j.p.SpringPersistenceUnitInfo      : No LoadTimeWeaver setup: ignoring JPA class transformer
2026-04-05T18:24:21.271+03:00  INFO 6504 --- [    Test worker] com.zaxxer.hikari.HikariDataSource       : HikariPool-1 - Starting...
2026-04-05T18:24:21.516+03:00  INFO 6504 --- [    Test worker] com.zaxxer.hikari.pool.HikariPool        : HikariPool-1 - Added connection org.postgresql.jdbc.PgConnection@1d07fb2
2026-04-05T18:24:21.518+03:00  INFO 6504 --- [    Test worker] com.zaxxer.hikari.HikariDataSource       : HikariPool-1 - Start completed.
2026-04-05T18:24:21.566+03:00  WARN 6504 --- [    Test worker] org.hibernate.orm.deprecation            : HHH90000025: PostgreSQLDialect does not need to be specified explicitly using 'hibernate.dialect' (remove the property setting and it will be selected by default)
2026-04-05T18:24:22.907+03:00  INFO 6504 --- [    Test worker] o.h.e.t.j.p.i.JtaPlatformInitiator       : HHH000489: No JTA platform available (set 'hibernate.transaction.jta.platform' to enable JTA platform integration)
2026-04-05T18:24:22.911+03:00  INFO 6504 --- [    Test worker] j.LocalContainerEntityManagerFactoryBean : Initialized JPA EntityManagerFactory for persistence unit 'default'
2026-04-05T18:24:23.299+03:00  INFO 6504 --- [    Test worker] o.s.d.j.r.query.QueryEnhancerFactory     : Hibernate is in classpath; If applicable, HQL parser will be used.
2026-04-05T18:24:24.035+03:00  INFO 6504 --- [    Test worker] o.a.repository.AirlineRepositoryTest     : Started AirlineRepositoryTest in 4.795 seconds (process running for 6.768)
Hibernate: insert into airline (name) values (?)
Hibernate: insert into airline (name) values (?)
Hibernate: select a1_0.airlineid,a1_0.name from airline a1_0 where a1_0.name like ? escape '\'
Hibernate: select a1_0.airlineid,a1_0.name from airline a1_0
]]></system-out>
  <system-err><![CDATA[]]></system-err>
</testsuite>
