<?xml version="1.0" encoding="UTF-8"?>
<testsuite name="obuhov.airline.repository.TraveledRepositoryTest" tests="1" skipped="0" failures="0" errors="0" timestamp="2026-04-05T15:24:25" hostname="GAGAGA" time="0.034">
  <properties/>
  <testcase name="repositoryQueries_coverAllMethods()" classname="obuhov.airline.repository.TraveledRepositoryTest" time="0.034"/>
  <system-out><![CDATA[2026-04-05T18:24:25.358+03:00  INFO 6504 --- [    Test worker] t.c.s.AnnotationConfigContextLoaderUtils : Could not detect default configuration classes for test class [obuhov.airline.repository.TraveledRepositoryTest]: TraveledRepositoryTest does not declare any static, non-private, non-final, nested classes annotated with @Configuration.
2026-04-05T18:24:25.367+03:00  INFO 6504 --- [    Test worker] .b.t.c.SpringBootTestContextBootstrapper : Found @SpringBootConfiguration obuhov.airline.AirlineApplication for test class obuhov.airline.repository.TraveledRepositoryTest
Hibernate: insert into client (address,email,name,phone_number) values (?,?,?,?)
Hibernate: insert into airline (name) values (?)
Hibernate: insert into traveled (airlineid,clientid,distance) values (?,?,?)
Hibernate: insert into traveled (airlineid,clientid,distance) values (?,?,?)
Hibernate: select t1_0.recordid,t1_0.airlineid,t1_0.clientid,t1_0.distance from traveled t1_0 where t1_0.clientid=?
Hibernate: select t1_0.recordid,t1_0.airlineid,t1_0.clientid,t1_0.distance from traveled t1_0 where t1_0.airlineid=?
Hibernate: select sum(t1_0.distance) from traveled t1_0 where t1_0.clientid=?
Hibernate: select sum(t1_0.distance) from traveled t1_0 where t1_0.clientid=? and t1_0.airlineid=?
Hibernate: select t1_0.recordid,t1_0.airlineid,t1_0.clientid,t1_0.distance from traveled t1_0 where t1_0.clientid=? order by t1_0.distance desc
Hibernate: select t1_0.recordid,t1_0.airlineid,t1_0.clientid,t1_0.distance from traveled t1_0
Hibernate: select c1_0.clientid,c1_0.address,c1_0.email,c1_0.name,c1_0.phone_number from client c1_0
Hibernate: select bc1_0.clientid,bc1_0.cardid,bc1_0.airlineid,bc1_0.discount from bonus_card bc1_0 where bc1_0.clientid=?
Hibernate: select t1_0.clientid,t1_0.ticketid,t1_0.flightid,t1_0.is_paid,t1_0.seat from ticket t1_0 where t1_0.clientid=?
Hibernate: select tr1_0.clientid,tr1_0.recordid,tr1_0.airlineid,tr1_0.distance from traveled tr1_0 where tr1_0.clientid=?
Hibernate: select bc1_0.clientid,bc1_0.cardid,bc1_0.airlineid,bc1_0.discount from bonus_card bc1_0 where bc1_0.clientid=?
Hibernate: select t1_0.clientid,t1_0.ticketid,t1_0.flightid,t1_0.is_paid,t1_0.seat from ticket t1_0 where t1_0.clientid=?
Hibernate: select tr1_0.clientid,tr1_0.recordid,tr1_0.airlineid,tr1_0.distance from traveled tr1_0 where tr1_0.clientid=?
Hibernate: select bc1_0.clientid,bc1_0.cardid,bc1_0.airlineid,bc1_0.discount from bonus_card bc1_0 where bc1_0.clientid=?
Hibernate: select t1_0.clientid,t1_0.ticketid,t1_0.flightid,t1_0.is_paid,t1_0.seat from ticket t1_0 where t1_0.clientid=?
Hibernate: select tr1_0.clientid,tr1_0.recordid,tr1_0.airlineid,tr1_0.distance from traveled tr1_0 where tr1_0.clientid=?
Hibernate: select bc1_0.clientid,bc1_0.cardid,bc1_0.airlineid,bc1_0.discount from bonus_card bc1_0 where bc1_0.clientid=?
Hibernate: select t1_0.clientid,t1_0.ticketid,t1_0.flightid,t1_0.is_paid,t1_0.seat from ticket t1_0 where t1_0.clientid=?
Hibernate: select tr1_0.clientid,tr1_0.recordid,tr1_0.airlineid,tr1_0.distance from traveled tr1_0 where tr1_0.clientid=?
Hibernate: select a1_0.airlineid,a1_0.name from airline a1_0
]]></system-out>
  <system-err><![CDATA[]]></system-err>
</testsuite>
