<?xml version="1.0" encoding="UTF-8"?>
<testsuite name="obuhov.airline.repository.ClientRepositoryTest" tests="6" skipped="0" failures="0" errors="0" timestamp="2026-04-05T15:24:24" hostname="GAGAGA" time="0.117">
  <properties/>
  <testcase name="Поиск клиента по имени" classname="obuhov.airline.repository.ClientRepositoryTest" time="0.018"/>
  <testcase name="Удаление клиента" classname="obuhov.airline.repository.ClientRepositoryTest" time="0.024"/>
  <testcase name="Поиск клиента по ID" classname="obuhov.airline.repository.ClientRepositoryTest" time="0.018"/>
  <testcase name="Поиск по имени или телефону" classname="obuhov.airline.repository.ClientRepositoryTest" time="0.02"/>
  <testcase name="Поиск клиента по телефону" classname="obuhov.airline.repository.ClientRepositoryTest" time="0.018"/>
  <testcase name="Создание клиента" classname="obuhov.airline.repository.ClientRepositoryTest" time="0.016"/>
  <system-out><![CDATA[2026-04-05T18:24:24.839+03:00  INFO 6504 --- [    Test worker] t.c.s.AnnotationConfigContextLoaderUtils : Could not detect default configuration classes for test class [obuhov.airline.repository.ClientRepositoryTest]: ClientRepositoryTest does not declare any static, non-private, non-final, nested classes annotated with @Configuration.
2026-04-05T18:24:24.846+03:00  INFO 6504 --- [    Test worker] .b.t.c.SpringBootTestContextBootstrapper : Found @SpringBootConfiguration obuhov.airline.AirlineApplication for test class obuhov.airline.repository.ClientRepositoryTest
Hibernate: insert into client (address,email,name,phone_number) values (?,?,?,?)
Hibernate: select c1_0.clientid,c1_0.address,c1_0.email,c1_0.name,c1_0.phone_number from client c1_0 where c1_0.name like ? escape '\'
Hibernate: select c1_0.clientid,c1_0.address,c1_0.email,c1_0.name,c1_0.phone_number from client c1_0
Hibernate: select bc1_0.clientid,bc1_0.cardid,bc1_0.airlineid,bc1_0.discount from bonus_card bc1_0 where bc1_0.clientid=?
Hibernate: select t1_0.clientid,t1_0.ticketid,t1_0.flightid,t1_0.is_paid,t1_0.seat from ticket t1_0 where t1_0.clientid=?
Hibernate: select tr1_0.clientid,tr1_0.recordid,tr1_0.airlineid,tr1_0.distance from traveled tr1_0 where tr1_0.clientid=?
Hibernate: select bc1_0.clientid,bc1_0.cardid,bc1_0.airlineid,bc1_0.discount from bonus_card bc1_0 where bc1_0.clientid=?
Hibernate: select t1_0.clientid,t1_0.ticketid,t1_0.flightid,t1_0.is_paid,t1_0.seat from ticket t1_0 where t1_0.clientid=?
Hibernate: select tr1_0.clientid,tr1_0.recordid,tr1_0.airlineid,tr1_0.distance from traveled tr1_0 where tr1_0.clientid=?
Hibernate: select bc1_0.clientid,bc1_0.cardid,bc1_0.airlineid,bc1_0.discount from bonus_card bc1_0 where bc1_0.clientid=?
Hibernate: select t1_0.clientid,t1_0.ticketid,t1_0.flightid,t1_0.is_paid,t1_0.seat from ticket t1_0 where t1_0.clientid=?
Hibernate: select tr1_0.clientid,tr1_0.recordid,tr1_0.airlineid,tr1_0.distance from traveled tr1_0 where tr1_0.clientid=?
Hibernate: select bc1_0.clientid,bc1_0.cardid,bc1_0.airlineid,bc1_0.discount from bonus_card bc1_0 where bc1_0.clientid=?
Hibernate: select t1_0.clientid,t1_0.ticketid,t1_0.flightid,t1_0.is_paid,t1_0.seat from ticket t1_0 where t1_0.clientid=?
Hibernate: select tr1_0.clientid,tr1_0.recordid,tr1_0.airlineid,tr1_0.distance from traveled tr1_0 where tr1_0.clientid=?
Hibernate: insert into client (address,email,name,phone_number) values (?,?,?,?)
Hibernate: delete from client where clientid=?
Hibernate: select c1_0.clientid,c1_0.address,c1_0.email,c1_0.name,c1_0.phone_number from client c1_0
Hibernate: select bc1_0.clientid,bc1_0.cardid,bc1_0.airlineid,bc1_0.discount from bonus_card bc1_0 where bc1_0.clientid=?
Hibernate: select t1_0.clientid,t1_0.ticketid,t1_0.flightid,t1_0.is_paid,t1_0.seat from ticket t1_0 where t1_0.clientid=?
Hibernate: select tr1_0.clientid,tr1_0.recordid,tr1_0.airlineid,tr1_0.distance from traveled tr1_0 where tr1_0.clientid=?
Hibernate: select bc1_0.clientid,bc1_0.cardid,bc1_0.airlineid,bc1_0.discount from bonus_card bc1_0 where bc1_0.clientid=?
Hibernate: select t1_0.clientid,t1_0.ticketid,t1_0.flightid,t1_0.is_paid,t1_0.seat from ticket t1_0 where t1_0.clientid=?
Hibernate: select tr1_0.clientid,tr1_0.recordid,tr1_0.airlineid,tr1_0.distance from traveled tr1_0 where tr1_0.clientid=?
Hibernate: select bc1_0.clientid,bc1_0.cardid,bc1_0.airlineid,bc1_0.discount from bonus_card bc1_0 where bc1_0.clientid=?
Hibernate: select t1_0.clientid,t1_0.ticketid,t1_0.flightid,t1_0.is_paid,t1_0.seat from ticket t1_0 where t1_0.clientid=?
Hibernate: select tr1_0.clientid,tr1_0.recordid,tr1_0.airlineid,tr1_0.distance from traveled tr1_0 where tr1_0.clientid=?
Hibernate: select bc1_0.clientid,bc1_0.cardid,bc1_0.airlineid,bc1_0.discount from bonus_card bc1_0 where bc1_0.clientid=?
Hibernate: select t1_0.clientid,t1_0.ticketid,t1_0.flightid,t1_0.is_paid,t1_0.seat from ticket t1_0 where t1_0.clientid=?
Hibernate: select tr1_0.clientid,tr1_0.recordid,tr1_0.airlineid,tr1_0.distance from traveled tr1_0 where tr1_0.clientid=?
Hibernate: insert into client (address,email,name,phone_number) values (?,?,?,?)
Hibernate: select c1_0.clientid,c1_0.address,c1_0.email,c1_0.name,c1_0.phone_number from client c1_0
Hibernate: select bc1_0.clientid,bc1_0.cardid,bc1_0.airlineid,bc1_0.discount from bonus_card bc1_0 where bc1_0.clientid=?
Hibernate: select t1_0.clientid,t1_0.ticketid,t1_0.flightid,t1_0.is_paid,t1_0.seat from ticket t1_0 where t1_0.clientid=?
Hibernate: select tr1_0.clientid,tr1_0.recordid,tr1_0.airlineid,tr1_0.distance from traveled tr1_0 where tr1_0.clientid=?
Hibernate: select bc1_0.clientid,bc1_0.cardid,bc1_0.airlineid,bc1_0.discount from bonus_card bc1_0 where bc1_0.clientid=?
Hibernate: select t1_0.clientid,t1_0.ticketid,t1_0.flightid,t1_0.is_paid,t1_0.seat from ticket t1_0 where t1_0.clientid=?
Hibernate: select tr1_0.clientid,tr1_0.recordid,tr1_0.airlineid,tr1_0.distance from traveled tr1_0 where tr1_0.clientid=?
Hibernate: select bc1_0.clientid,bc1_0.cardid,bc1_0.airlineid,bc1_0.discount from bonus_card bc1_0 where bc1_0.clientid=?
Hibernate: select t1_0.clientid,t1_0.ticketid,t1_0.flightid,t1_0.is_paid,t1_0.seat from ticket t1_0 where t1_0.clientid=?
Hibernate: select tr1_0.clientid,tr1_0.recordid,tr1_0.airlineid,tr1_0.distance from traveled tr1_0 where tr1_0.clientid=?
Hibernate: select bc1_0.clientid,bc1_0.cardid,bc1_0.airlineid,bc1_0.discount from bonus_card bc1_0 where bc1_0.clientid=?
Hibernate: select t1_0.clientid,t1_0.ticketid,t1_0.flightid,t1_0.is_paid,t1_0.seat from ticket t1_0 where t1_0.clientid=?
Hibernate: select tr1_0.clientid,tr1_0.recordid,tr1_0.airlineid,tr1_0.distance from traveled tr1_0 where tr1_0.clientid=?
Hibernate: insert into client (address,email,name,phone_number) values (?,?,?,?)
Hibernate: select c1_0.clientid,c1_0.address,c1_0.email,c1_0.name,c1_0.phone_number from client c1_0 where c1_0.name like ? escape '' or c1_0.phone_number like ? escape ''
Hibernate: select c1_0.clientid,c1_0.address,c1_0.email,c1_0.name,c1_0.phone_number from client c1_0 where c1_0.name like ? escape '' or c1_0.phone_number like ? escape ''
Hibernate: select c1_0.clientid,c1_0.address,c1_0.email,c1_0.name,c1_0.phone_number from client c1_0
Hibernate: select bc1_0.clientid,bc1_0.cardid,bc1_0.airlineid,bc1_0.discount from bonus_card bc1_0 where bc1_0.clientid=?
Hibernate: select t1_0.clientid,t1_0.ticketid,t1_0.flightid,t1_0.is_paid,t1_0.seat from ticket t1_0 where t1_0.clientid=?
Hibernate: select tr1_0.clientid,tr1_0.recordid,tr1_0.airlineid,tr1_0.distance from traveled tr1_0 where tr1_0.clientid=?
Hibernate: select bc1_0.clientid,bc1_0.cardid,bc1_0.airlineid,bc1_0.discount from bonus_card bc1_0 where bc1_0.clientid=?
Hibernate: select t1_0.clientid,t1_0.ticketid,t1_0.flightid,t1_0.is_paid,t1_0.seat from ticket t1_0 where t1_0.clientid=?
Hibernate: select tr1_0.clientid,tr1_0.recordid,tr1_0.airlineid,tr1_0.distance from traveled tr1_0 where tr1_0.clientid=?
Hibernate: select bc1_0.clientid,bc1_0.cardid,bc1_0.airlineid,bc1_0.discount from bonus_card bc1_0 where bc1_0.clientid=?
Hibernate: select t1_0.clientid,t1_0.ticketid,t1_0.flightid,t1_0.is_paid,t1_0.seat from ticket t1_0 where t1_0.clientid=?
Hibernate: select tr1_0.clientid,tr1_0.recordid,tr1_0.airlineid,tr1_0.distance from traveled tr1_0 where tr1_0.clientid=?
Hibernate: select bc1_0.clientid,bc1_0.cardid,bc1_0.airlineid,bc1_0.discount from bonus_card bc1_0 where bc1_0.clientid=?
Hibernate: select t1_0.clientid,t1_0.ticketid,t1_0.flightid,t1_0.is_paid,t1_0.seat from ticket t1_0 where t1_0.clientid=?
Hibernate: select tr1_0.clientid,tr1_0.recordid,tr1_0.airlineid,tr1_0.distance from traveled tr1_0 where tr1_0.clientid=?
Hibernate: insert into client (address,email,name,phone_number) values (?,?,?,?)
Hibernate: select c1_0.clientid,c1_0.address,c1_0.email,c1_0.name,c1_0.phone_number from client c1_0 where c1_0.phone_number like ? escape '\'
Hibernate: select c1_0.clientid,c1_0.address,c1_0.email,c1_0.name,c1_0.phone_number from client c1_0
Hibernate: select bc1_0.clientid,bc1_0.cardid,bc1_0.airlineid,bc1_0.discount from bonus_card bc1_0 where bc1_0.clientid=?
Hibernate: select t1_0.clientid,t1_0.ticketid,t1_0.flightid,t1_0.is_paid,t1_0.seat from ticket t1_0 where t1_0.clientid=?
Hibernate: select tr1_0.clientid,tr1_0.recordid,tr1_0.airlineid,tr1_0.distance from traveled tr1_0 where tr1_0.clientid=?
Hibernate: select bc1_0.clientid,bc1_0.cardid,bc1_0.airlineid,bc1_0.discount from bonus_card bc1_0 where bc1_0.clientid=?
Hibernate: select t1_0.clientid,t1_0.ticketid,t1_0.flightid,t1_0.is_paid,t1_0.seat from ticket t1_0 where t1_0.clientid=?
Hibernate: select tr1_0.clientid,tr1_0.recordid,tr1_0.airlineid,tr1_0.distance from traveled tr1_0 where tr1_0.clientid=?
Hibernate: select bc1_0.clientid,bc1_0.cardid,bc1_0.airlineid,bc1_0.discount from bonus_card bc1_0 where bc1_0.clientid=?
Hibernate: select t1_0.clientid,t1_0.ticketid,t1_0.flightid,t1_0.is_paid,t1_0.seat from ticket t1_0 where t1_0.clientid=?
Hibernate: select tr1_0.clientid,tr1_0.recordid,tr1_0.airlineid,tr1_0.distance from traveled tr1_0 where tr1_0.clientid=?
Hibernate: select bc1_0.clientid,bc1_0.cardid,bc1_0.airlineid,bc1_0.discount from bonus_card bc1_0 where bc1_0.clientid=?
Hibernate: select t1_0.clientid,t1_0.ticketid,t1_0.flightid,t1_0.is_paid,t1_0.seat from ticket t1_0 where t1_0.clientid=?
Hibernate: select tr1_0.clientid,tr1_0.recordid,tr1_0.airlineid,tr1_0.distance from traveled tr1_0 where tr1_0.clientid=?
Hibernate: insert into client (address,email,name,phone_number) values (?,?,?,?)
Hibernate: select c1_0.clientid,c1_0.address,c1_0.email,c1_0.name,c1_0.phone_number from client c1_0
Hibernate: select bc1_0.clientid,bc1_0.cardid,bc1_0.airlineid,bc1_0.discount from bonus_card bc1_0 where bc1_0.clientid=?
Hibernate: select t1_0.clientid,t1_0.ticketid,t1_0.flightid,t1_0.is_paid,t1_0.seat from ticket t1_0 where t1_0.clientid=?
Hibernate: select tr1_0.clientid,tr1_0.recordid,tr1_0.airlineid,tr1_0.distance from traveled tr1_0 where tr1_0.clientid=?
Hibernate: select bc1_0.clientid,bc1_0.cardid,bc1_0.airlineid,bc1_0.discount from bonus_card bc1_0 where bc1_0.clientid=?
Hibernate: select t1_0.clientid,t1_0.ticketid,t1_0.flightid,t1_0.is_paid,t1_0.seat from ticket t1_0 where t1_0.clientid=?
Hibernate: select tr1_0.clientid,tr1_0.recordid,tr1_0.airlineid,tr1_0.distance from traveled tr1_0 where tr1_0.clientid=?
Hibernate: select bc1_0.clientid,bc1_0.cardid,bc1_0.airlineid,bc1_0.discount from bonus_card bc1_0 where bc1_0.clientid=?
Hibernate: select t1_0.clientid,t1_0.ticketid,t1_0.flightid,t1_0.is_paid,t1_0.seat from ticket t1_0 where t1_0.clientid=?
Hibernate: select tr1_0.clientid,tr1_0.recordid,tr1_0.airlineid,tr1_0.distance from traveled tr1_0 where tr1_0.clientid=?
Hibernate: select bc1_0.clientid,bc1_0.cardid,bc1_0.airlineid,bc1_0.discount from bonus_card bc1_0 where bc1_0.clientid=?
Hibernate: select t1_0.clientid,t1_0.ticketid,t1_0.flightid,t1_0.is_paid,t1_0.seat from ticket t1_0 where t1_0.clientid=?
Hibernate: select tr1_0.clientid,tr1_0.recordid,tr1_0.airlineid,tr1_0.distance from traveled tr1_0 where tr1_0.clientid=?
]]></system-out>
  <system-err><![CDATA[]]></system-err>
</testsuite>
